<?xml version="1.0" encoding="UTF-8"?>
<testng-results retried="1" ignored="0" total="13" passed="12" failed="0" skipped="0">
  <reporter-output>
  </reporter-output>
  <suite started-at="2024-06-07T13:08:25 IST" name="Default suite" finished-at="2024-06-07T13:12:20 IST" duration-ms="235615">
    <groups>
    </groups>
    <test started-at="2024-06-07T13:08:25 IST" name="Default test" finished-at="2024-06-07T13:12:20 IST" duration-ms="235615">
      <class name="Testcases.After_Login">
        <test-method is-config="true" signature="setup()[pri:0, instance:Testcases.After_Login@4988d8b8]" started-at="2024-06-07T13:08:25 IST" name="setup" finished-at="2024-06-07T13:08:28 IST" duration-ms="2919" status="PASS">
          <reporter-output>
          </reporter-output>
        </test-method> <!-- setup -->
        <test-method signature="Login_Dashboard()[pri:1, instance:Testcases.After_Login@4988d8b8]" started-at="2024-06-07T13:08:28 IST" name="Login_Dashboard" finished-at="2024-06-07T13:08:41 IST" duration-ms="13934" status="PASS">
          <reporter-output>
          </reporter-output>
        </test-method> <!-- Login_Dashboard -->
        <test-method is-config="true" signature="closeser()[pri:0, instance:Testcases.After_Login@4988d8b8]" started-at="2024-06-07T13:08:41 IST" name="closeser" finished-at="2024-06-07T13:08:42 IST" duration-ms="403" status="PASS">
          <reporter-output>
          </reporter-output>
        </test-method> <!-- closeser -->
        <test-method is-config="true" signature="setup()[pri:0, instance:Testcases.After_Login@4988d8b8]" started-at="2024-06-07T13:08:42 IST" name="setup" finished-at="2024-06-07T13:08:45 IST" duration-ms="3261" status="PASS">
          <reporter-output>
          </reporter-output>
        </test-method> <!-- setup -->
        <test-method signature="signup_login()[pri:2, instance:Testcases.After_Login@4988d8b8]" started-at="2024-06-07T13:08:45 IST" name="signup_login" finished-at="2024-06-07T13:08:58 IST" duration-ms="12589" status="PASS">
          <reporter-output>
          </reporter-output>
        </test-method> <!-- signup_login -->
        <test-method is-config="true" signature="closeser()[pri:0, instance:Testcases.After_Login@4988d8b8]" started-at="2024-06-07T13:08:58 IST" name="closeser" finished-at="2024-06-07T13:08:58 IST" duration-ms="305" status="PASS">
          <reporter-output>
          </reporter-output>
        </test-method> <!-- closeser -->
        <test-method is-config="true" signature="setup()[pri:0, instance:Testcases.After_Login@4988d8b8]" started-at="2024-06-07T13:08:58 IST" name="setup" finished-at="2024-06-07T13:09:00 IST" duration-ms="1704" status="PASS">
          <reporter-output>
          </reporter-output>
        </test-method> <!-- setup -->
        <test-method signature="after_login_changeto_filter()[pri:3, instance:Testcases.After_Login@4988d8b8]" started-at="2024-06-07T13:09:00 IST" name="after_login_changeto_filter" finished-at="2024-06-07T13:09:18 IST" duration-ms="17944" status="PASS">
          <reporter-output>
          </reporter-output>
        </test-method> <!-- after_login_changeto_filter -->
        <test-method is-config="true" signature="closeser()[pri:0, instance:Testcases.After_Login@4988d8b8]" started-at="2024-06-07T13:09:18 IST" name="closeser" finished-at="2024-06-07T13:09:18 IST" duration-ms="450" status="PASS">
          <reporter-output>
          </reporter-output>
        </test-method> <!-- closeser -->
        <test-method is-config="true" signature="setup()[pri:0, instance:Testcases.After_Login@4988d8b8]" started-at="2024-06-07T13:09:18 IST" name="setup" finished-at="2024-06-07T13:09:20 IST" duration-ms="1655" status="PASS">
          <reporter-output>
          </reporter-output>
        </test-method> <!-- setup -->
        <test-method retried="true" signature="Surveycard_back_navigation()[pri:4, instance:Testcases.After_Login@4988d8b8]" started-at="2024-06-07T13:09:20 IST" name="Surveycard_back_navigation" finished-at="2024-06-07T13:09:34 IST" duration-ms="13913" status="SKIP">
          <exception class="org.openqa.selenium.StaleElementReferenceException">
            <message>
              <![CDATA[stale element reference: stale element not found in the current frame
  (Session info: chrome=125.0.6422.142)
For documentation on this error, please visit: https://www.seleniumhq.org/exceptions/stale_element_reference.html
Build info: version: '3.141.59', revision: 'e82be7d358', time: '2018-11-14T08:25:53'
System info: host: 'RAJESH', ip: '192.168.0.232', os.name: 'Windows 11', os.arch: 'amd64', os.version: '10.0', java.version: '17.0.11'
Driver info: org.openqa.selenium.chrome.ChromeDriver
Capabilities {acceptInsecureCerts: false, browserName: chrome, browserVersion: 125.0.6422.142, chrome: {chromedriverVersion: 125.0.6422.141 (4b1e8393712..., userDataDir: C:\Users\Rajes\AppData\Loca...}, fedcm:accounts: true, goog:chromeOptions: {debuggerAddress: localhost:63451}, javascriptEnabled: true, networkConnectionEnabled: false, pageLoadStrategy: normal, platform: WINDOWS, platformName: WINDOWS, proxy: Proxy(), setWindowRect: true, strictFileInteractability: false, timeouts: {implicit: 0, pageLoad: 300000, script: 30000}, unhandledPromptBehavior: dismiss and notify, webauthn:extension:credBlob: true, webauthn:extension:largeBlob: true, webauthn:extension:minPinLength: true, webauthn:extension:prf: true, webauthn:virtualAuthenticators: true}
Session ID: f10904283eeaecefea76e3a41b812db6]]>
            </message>
            <full-stacktrace>
              <![CDATA[org.openqa.selenium.StaleElementReferenceException: stale element reference: stale element not found in the current frame
  (Session info: chrome=125.0.6422.142)
For documentation on this error, please visit: https://www.seleniumhq.org/exceptions/stale_element_reference.html
Build info: version: '3.141.59', revision: 'e82be7d358', time: '2018-11-14T08:25:53'
System info: host: 'RAJESH', ip: '192.168.0.232', os.name: 'Windows 11', os.arch: 'amd64', os.version: '10.0', java.version: '17.0.11'
Driver info: org.openqa.selenium.chrome.ChromeDriver
Capabilities {acceptInsecureCerts: false, browserName: chrome, browserVersion: 125.0.6422.142, chrome: {chromedriverVersion: 125.0.6422.141 (4b1e8393712..., userDataDir: C:\Users\Rajes\AppData\Loca...}, fedcm:accounts: true, goog:chromeOptions: {debuggerAddress: localhost:63451}, javascriptEnabled: true, networkConnectionEnabled: false, pageLoadStrategy: normal, platform: WINDOWS, platformName: WINDOWS, proxy: Proxy(), setWindowRect: true, strictFileInteractability: false, timeouts: {implicit: 0, pageLoad: 300000, script: 30000}, unhandledPromptBehavior: dismiss and notify, webauthn:extension:credBlob: true, webauthn:extension:largeBlob: true, webauthn:extension:minPinLength: true, webauthn:extension:prf: true, webauthn:virtualAuthenticators: true}
Session ID: f10904283eeaecefea76e3a41b812db6
at java.base/jdk.internal.reflect.NativeConstructorAccessorImpl.newInstance0(Native Method)
at java.base/jdk.internal.reflect.NativeConstructorAccessorImpl.newInstance(NativeConstructorAccessorImpl.java:77)
at java.base/jdk.internal.reflect.DelegatingConstructorAccessorImpl.newInstance(DelegatingConstructorAccessorImpl.java:45)
at java.base/java.lang.reflect.Constructor.newInstanceWithCaller(Constructor.java:499)
at java.base/java.lang.reflect.Constructor.newInstance(Constructor.java:480)
at org.openqa.selenium.remote.http.W3CHttpResponseCodec.createException(W3CHttpResponseCodec.java:187)
at org.openqa.selenium.remote.http.W3CHttpResponseCodec.decode(W3CHttpResponseCodec.java:122)
at org.openqa.selenium.remote.http.W3CHttpResponseCodec.decode(W3CHttpResponseCodec.java:49)
at org.openqa.selenium.remote.HttpCommandExecutor.execute(HttpCommandExecutor.java:158)
at org.openqa.selenium.remote.service.DriverCommandExecutor.execute(DriverCommandExecutor.java:83)
at org.openqa.selenium.remote.RemoteWebDriver.execute(RemoteWebDriver.java:552)
at org.openqa.selenium.remote.RemoteWebElement.execute(RemoteWebElement.java:285)
at org.openqa.selenium.remote.RemoteWebElement.click(RemoteWebElement.java:84)
at Testcases.After_Login.Surveycard_back_navigation(After_Login.java:84)
at java.base/jdk.internal.reflect.NativeMethodAccessorImpl.invoke0(Native Method)
at java.base/jdk.internal.reflect.NativeMethodAccessorImpl.invoke(NativeMethodAccessorImpl.java:77)
at java.base/jdk.internal.reflect.DelegatingMethodAccessorImpl.invoke(DelegatingMethodAccessorImpl.java:43)
at java.base/java.lang.reflect.Method.invoke(Method.java:568)
at org.testng.internal.invokers.MethodInvocationHelper.invokeMethod(MethodInvocationHelper.java:139)
at org.testng.internal.invokers.TestInvoker.invokeMethod(TestInvoker.java:677)
at org.testng.internal.invokers.TestInvoker.invokeTestMethod(TestInvoker.java:221)
at org.testng.internal.invokers.MethodRunner.runInSequence(MethodRunner.java:50)
at org.testng.internal.invokers.TestInvoker$MethodInvocationAgent.invoke(TestInvoker.java:969)
at org.testng.internal.invokers.TestInvoker.invokeTestMethods(TestInvoker.java:194)
at org.testng.internal.invokers.TestMethodWorker.invokeTestMethods(TestMethodWorker.java:148)
at org.testng.internal.invokers.TestMethodWorker.run(TestMethodWorker.java:128)
at java.base/java.util.ArrayList.forEach(ArrayList.java:1511)
at org.testng.TestRunner.privateRun(TestRunner.java:829)
at org.testng.TestRunner.run(TestRunner.java:602)
at org.testng.SuiteRunner.runTest(SuiteRunner.java:437)
at org.testng.SuiteRunner.runSequentially(SuiteRunner.java:431)
at org.testng.SuiteRunner.privateRun(SuiteRunner.java:391)
at org.testng.SuiteRunner.run(SuiteRunner.java:330)
at org.testng.SuiteRunnerWorker.runSuite(SuiteRunnerWorker.java:52)
at org.testng.SuiteRunnerWorker.run(SuiteRunnerWorker.java:95)
at org.testng.TestNG.runSuitesSequentially(TestNG.java:1256)
at org.testng.TestNG.runSuitesLocally(TestNG.java:1176)
at org.testng.TestNG.runSuites(TestNG.java:1099)
at org.testng.TestNG.run(TestNG.java:1067)
at org.testng.remote.AbstractRemoteTestNG.run(AbstractRemoteTestNG.java:115)
at org.testng.remote.RemoteTestNG.initAndRun(RemoteTestNG.java:293)
at org.testng.remote.RemoteTestNG.main(RemoteTestNG.java:91)
]]>
            </full-stacktrace>
          </exception> <!-- org.openqa.selenium.StaleElementReferenceException -->
          <reporter-output>
          </reporter-output>
        </test-method> <!-- Surveycard_back_navigation -->
        <test-method is-config="true" signature="closeser()[pri:0, instance:Testcases.After_Login@4988d8b8]" started-at="2024-06-07T13:09:34 IST" name="closeser" finished-at="2024-06-07T13:09:34 IST" duration-ms="475" status="PASS">
          <reporter-output>
          </reporter-output>
        </test-method> <!-- closeser -->
        <test-method is-config="true" signature="setup()[pri:0, instance:Testcases.After_Login@4988d8b8]" started-at="2024-06-07T13:09:34 IST" name="setup" finished-at="2024-06-07T13:09:36 IST" duration-ms="1547" status="PASS">
          <reporter-output>
          </reporter-output>
        </test-method> <!-- setup -->
        <test-method signature="Surveycard_back_navigation()[pri:4, instance:Testcases.After_Login@4988d8b8]" started-at="2024-06-07T13:09:36 IST" name="Surveycard_back_navigation" finished-at="2024-06-07T13:09:57 IST" duration-ms="20885" status="PASS">
          <reporter-output>
          </reporter-output>
        </test-method> <!-- Surveycard_back_navigation -->
        <test-method is-config="true" signature="closeser()[pri:0, instance:Testcases.After_Login@4988d8b8]" started-at="2024-06-07T13:09:57 IST" name="closeser" finished-at="2024-06-07T13:09:57 IST" duration-ms="395" status="PASS">
          <reporter-output>
          </reporter-output>
        </test-method> <!-- closeser -->
        <test-method is-config="true" signature="setup()[pri:0, instance:Testcases.After_Login@4988d8b8]" started-at="2024-06-07T13:09:57 IST" name="setup" finished-at="2024-06-07T13:10:00 IST" duration-ms="3242" status="PASS">
          <reporter-output>
          </reporter-output>
        </test-method> <!-- setup -->
        <test-method signature="printing_survey_title()[pri:5, instance:Testcases.After_Login@4988d8b8]" started-at="2024-06-07T13:10:00 IST" name="printing_survey_title" finished-at="2024-06-07T13:10:13 IST" duration-ms="12931" status="PASS">
          <reporter-output>
          </reporter-output>
        </test-method> <!-- printing_survey_title -->
        <test-method is-config="true" signature="closeser()[pri:0, instance:Testcases.After_Login@4988d8b8]" started-at="2024-06-07T13:10:13 IST" name="closeser" finished-at="2024-06-07T13:10:14 IST" duration-ms="309" status="PASS">
          <reporter-output>
          </reporter-output>
        </test-method> <!-- closeser -->
        <test-method is-config="true" signature="setup()[pri:0, instance:Testcases.After_Login@4988d8b8]" started-at="2024-06-07T13:10:14 IST" name="setup" finished-at="2024-06-07T13:10:15 IST" duration-ms="1642" status="PASS">
          <reporter-output>
          </reporter-output>
        </test-method> <!-- setup -->
        <test-method signature="allsurveys_cardLIST()[pri:6, instance:Testcases.After_Login@4988d8b8]" started-at="2024-06-07T13:10:15 IST" name="allsurveys_cardLIST" finished-at="2024-06-07T13:10:28 IST" duration-ms="12846" status="PASS">
          <reporter-output>
          </reporter-output>
        </test-method> <!-- allsurveys_cardLIST -->
        <test-method is-config="true" signature="closeser()[pri:0, instance:Testcases.After_Login@4988d8b8]" started-at="2024-06-07T13:10:28 IST" name="closeser" finished-at="2024-06-07T13:10:29 IST" duration-ms="894" status="PASS">
          <reporter-output>
          </reporter-output>
        </test-method> <!-- closeser -->
        <test-method is-config="true" signature="setup()[pri:0, instance:Testcases.After_Login@4988d8b8]" started-at="2024-06-07T13:10:29 IST" name="setup" finished-at="2024-06-07T13:10:31 IST" duration-ms="1632" status="PASS">
          <reporter-output>
          </reporter-output>
        </test-method> <!-- setup -->
        <test-method signature="Scheduled_surveys_cardNumber()[pri:7, instance:Testcases.After_Login@4988d8b8]" started-at="2024-06-07T13:10:31 IST" name="Scheduled_surveys_cardNumber" finished-at="2024-06-07T13:10:47 IST" duration-ms="16640" status="PASS">
          <reporter-output>
          </reporter-output>
        </test-method> <!-- Scheduled_surveys_cardNumber -->
        <test-method is-config="true" signature="closeser()[pri:0, instance:Testcases.After_Login@4988d8b8]" started-at="2024-06-07T13:10:47 IST" name="closeser" finished-at="2024-06-07T13:10:48 IST" duration-ms="783" status="PASS">
          <reporter-output>
          </reporter-output>
        </test-method> <!-- closeser -->
        <test-method is-config="true" signature="setup()[pri:0, instance:Testcases.After_Login@4988d8b8]" started-at="2024-06-07T13:10:48 IST" name="setup" finished-at="2024-06-07T13:10:50 IST" duration-ms="1648" status="PASS">
          <reporter-output>
          </reporter-output>
        </test-method> <!-- setup -->
        <test-method signature="Completed_survey_list()[pri:8, instance:Testcases.After_Login@4988d8b8]" started-at="2024-06-07T13:10:50 IST" name="Completed_survey_list" finished-at="2024-06-07T13:11:07 IST" duration-ms="16975" status="PASS">
          <reporter-output>
          </reporter-output>
        </test-method> <!-- Completed_survey_list -->
        <test-method is-config="true" signature="closeser()[pri:0, instance:Testcases.After_Login@4988d8b8]" started-at="2024-06-07T13:11:07 IST" name="closeser" finished-at="2024-06-07T13:11:07 IST" duration-ms="356" status="PASS">
          <reporter-output>
          </reporter-output>
        </test-method> <!-- closeser -->
        <test-method is-config="true" signature="setup()[pri:0, instance:Testcases.After_Login@4988d8b8]" started-at="2024-06-07T13:11:07 IST" name="setup" finished-at="2024-06-07T13:11:09 IST" duration-ms="1701" status="PASS">
          <reporter-output>
          </reporter-output>
        </test-method> <!-- setup -->
        <test-method signature="LIVE_surveycard_Numbers()[pri:9, instance:Testcases.After_Login@4988d8b8]" started-at="2024-06-07T13:11:09 IST" name="LIVE_surveycard_Numbers" finished-at="2024-06-07T13:11:25 IST" duration-ms="16620" status="PASS">
          <reporter-output>
          </reporter-output>
        </test-method> <!-- LIVE_surveycard_Numbers -->
        <test-method is-config="true" signature="closeser()[pri:0, instance:Testcases.After_Login@4988d8b8]" started-at="2024-06-07T13:11:25 IST" name="closeser" finished-at="2024-06-07T13:11:26 IST" duration-ms="394" status="PASS">
          <reporter-output>
          </reporter-output>
        </test-method> <!-- closeser -->
        <test-method is-config="true" signature="setup()[pri:0, instance:Testcases.After_Login@4988d8b8]" started-at="2024-06-07T13:11:26 IST" name="setup" finished-at="2024-06-07T13:11:28 IST" duration-ms="1962" status="PASS">
          <reporter-output>
          </reporter-output>
        </test-method> <!-- setup -->
        <test-method signature="Overview()[pri:10, instance:Testcases.After_Login@4988d8b8]" started-at="2024-06-07T13:11:28 IST" name="Overview" finished-at="2024-06-07T13:11:40 IST" duration-ms="12773" status="PASS">
          <reporter-output>
          </reporter-output>
        </test-method> <!-- Overview -->
        <test-method is-config="true" signature="closeser()[pri:0, instance:Testcases.After_Login@4988d8b8]" started-at="2024-06-07T13:11:40 IST" name="closeser" finished-at="2024-06-07T13:11:41 IST" duration-ms="382" status="PASS">
          <reporter-output>
          </reporter-output>
        </test-method> <!-- closeser -->
        <test-method is-config="true" signature="setup()[pri:0, instance:Testcases.After_Login@4988d8b8]" started-at="2024-06-07T13:11:41 IST" name="setup" finished-at="2024-06-07T13:11:43 IST" duration-ms="1766" status="PASS">
          <reporter-output>
          </reporter-output>
        </test-method> <!-- setup -->
        <test-method signature="allsurveys_Heading()[pri:11, instance:Testcases.After_Login@4988d8b8]" started-at="2024-06-07T13:11:43 IST" name="allsurveys_Heading" finished-at="2024-06-07T13:11:56 IST" duration-ms="13799" status="PASS">
          <reporter-output>
          </reporter-output>
        </test-method> <!-- allsurveys_Heading -->
        <test-method is-config="true" signature="closeser()[pri:0, instance:Testcases.After_Login@4988d8b8]" started-at="2024-06-07T13:11:56 IST" name="closeser" finished-at="2024-06-07T13:11:58 IST" duration-ms="1148" status="PASS">
          <reporter-output>
          </reporter-output>
        </test-method> <!-- closeser -->
        <test-method is-config="true" signature="setup()[pri:0, instance:Testcases.After_Login@4988d8b8]" started-at="2024-06-07T13:11:58 IST" name="setup" finished-at="2024-06-07T13:11:59 IST" duration-ms="1294" status="PASS">
          <reporter-output>
          </reporter-output>
        </test-method> <!-- setup -->
        <test-method signature="print_the_sureyfirstquestion_response()[pri:12, instance:Testcases.After_Login@4988d8b8]" started-at="2024-06-07T13:11:59 IST" name="print_the_sureyfirstquestion_response" finished-at="2024-06-07T13:12:20 IST" duration-ms="21023" status="PASS">
          <reporter-output>
          </reporter-output>
        </test-method> <!-- print_the_sureyfirstquestion_response -->
        <test-method is-config="true" signature="closeser()[pri:0, instance:Testcases.After_Login@4988d8b8]" started-at="2024-06-07T13:12:20 IST" name="closeser" finished-at="2024-06-07T13:12:20 IST" duration-ms="328" status="PASS">
          <reporter-output>
          </reporter-output>
        </test-method> <!-- closeser -->
      </class> <!-- Testcases.After_Login -->
    </test> <!-- Default test -->
  </suite> <!-- Default suite -->
</testng-results>
