<?xml version="1.0" encoding="UTF-8"?>
<!-- Generated by org.testng.reporters.JUnitXMLReporter -->
<testsuite ignored="0" hostname="Rajesh" failures="0" tests="13" name="Default test" time="235.615" errors="0" timestamp="2024-06-07T13:12:20 IST">
  <testcase classname="Testcases.After_Login" name="Login_Dashboard" time="13.934"/>
  <testcase classname="Testcases.After_Login" name="signup_login" time="12.589"/>
  <testcase classname="Testcases.After_Login" name="after_login_changeto_filter" time="17.944"/>
  <testcase classname="Testcases.After_Login" name="Surveycard_back_navigation" time="13.913">
    <skipped/>
  </testcase> <!-- Surveycard_back_navigation -->
  <testcase classname="Testcases.After_Login" name="Surveycard_back_navigation" time="20.885"/>
  <testcase classname="Testcases.After_Login" name="printing_survey_title" time="12.931"/>
  <testcase classname="Testcases.After_Login" name="allsurveys_cardLIST" time="12.846"/>
  <testcase classname="Testcases.After_Login" name="Scheduled_surveys_cardNumber" time="16.64"/>
  <testcase classname="Testcases.After_Login" name="Completed_survey_list" time="16.975"/>
  <testcase classname="Testcases.After_Login" name="LIVE_surveycard_Numbers" time="16.62"/>
  <testcase classname="Testcases.After_Login" name="Overview" time="12.773"/>
  <testcase classname="Testcases.After_Login" name="allsurveys_Heading" time="13.799"/>
  <testcase classname="Testcases.After_Login" name="print_the_sureyfirstquestion_response" time="21.023"/>
</testsuite> <!-- Default test -->
