<?xml version="1.0" encoding="UTF-8"?>
<testng-results retried="1" ignored="10" total="55" passed="43" failed="1" skipped="0">
  <reporter-output>
  </reporter-output>
  <suite started-at="2024-07-01T13:25:02 IST" name="Default suite" finished-at="2024-07-01T13:38:28 IST" duration-ms="806109">
    <groups>
    </groups>
    <test started-at="2024-07-01T13:25:02 IST" name="Default test" finished-at="2024-07-01T13:38:28 IST" duration-ms="806109">
      <class name="Testcases.SignUp">
        <test-method is-config="true" signature="setup()[pri:0, instance:Testcases.SignUp@388ffbc2]" started-at="2024-07-01T13:31:15 IST" name="setup" finished-at="2024-07-01T13:31:17 IST" duration-ms="2053" status="PASS">
          <reporter-output>
          </reporter-output>
        </test-method> <!-- setup -->
        <test-method signature="click_actions()[pri:1, instance:Testcases.SignUp@388ffbc2]" started-at="2024-07-01T13:31:17 IST" name="click_actions" finished-at="2024-07-01T13:31:19 IST" duration-ms="2424" status="PASS">
          <reporter-output>
          </reporter-output>
        </test-method> <!-- click_actions -->
        <test-method is-config="true" signature="closeBrowser()[pri:0, instance:Testcases.SignUp@388ffbc2]" started-at="2024-07-01T13:31:19 IST" name="closeBrowser" finished-at="2024-07-01T13:31:19 IST" duration-ms="184" status="PASS">
          <reporter-output>
          </reporter-output>
        </test-method> <!-- closeBrowser -->
        <test-method is-config="true" signature="setup()[pri:0, instance:Testcases.SignUp@388ffbc2]" started-at="2024-07-01T13:31:19 IST" name="setup" finished-at="2024-07-01T13:31:22 IST" duration-ms="2458" status="PASS">
          <reporter-output>
          </reporter-output>
        </test-method> <!-- setup -->
        <test-method signature="clickon_signup()[pri:2, instance:Testcases.SignUp@388ffbc2]" started-at="2024-07-01T13:31:22 IST" name="clickon_signup" finished-at="2024-07-01T13:31:24 IST" duration-ms="1762" status="PASS">
          <reporter-output>
          </reporter-output>
        </test-method> <!-- clickon_signup -->
        <test-method is-config="true" signature="closeBrowser()[pri:0, instance:Testcases.SignUp@388ffbc2]" started-at="2024-07-01T13:31:24 IST" name="closeBrowser" finished-at="2024-07-01T13:31:24 IST" duration-ms="231" status="PASS">
          <reporter-output>
          </reporter-output>
        </test-method> <!-- closeBrowser -->
        <test-method is-config="true" signature="setup()[pri:0, instance:Testcases.SignUp@388ffbc2]" started-at="2024-07-01T13:31:24 IST" name="setup" finished-at="2024-07-01T13:31:25 IST" duration-ms="1508" status="PASS">
          <reporter-output>
          </reporter-output>
        </test-method> <!-- setup -->
        <test-method signature="login_signup()[pri:3, instance:Testcases.SignUp@388ffbc2]" started-at="2024-07-01T13:31:25 IST" name="login_signup" finished-at="2024-07-01T13:31:30 IST" duration-ms="4501" status="PASS">
          <reporter-output>
          </reporter-output>
        </test-method> <!-- login_signup -->
        <test-method is-config="true" signature="closeBrowser()[pri:0, instance:Testcases.SignUp@388ffbc2]" started-at="2024-07-01T13:31:30 IST" name="closeBrowser" finished-at="2024-07-01T13:31:30 IST" duration-ms="266" status="PASS">
          <reporter-output>
          </reporter-output>
        </test-method> <!-- closeBrowser -->
        <test-method is-config="true" signature="setup()[pri:0, instance:Testcases.SignUp@388ffbc2]" started-at="2024-07-01T13:31:30 IST" name="setup" finished-at="2024-07-01T13:31:32 IST" duration-ms="2074" status="PASS">
          <reporter-output>
          </reporter-output>
        </test-method> <!-- setup -->
        <test-method signature="signup_Invalidemail()[pri:5, instance:Testcases.SignUp@388ffbc2]" started-at="2024-07-01T13:31:32 IST" name="signup_Invalidemail" finished-at="2024-07-01T13:31:59 IST" duration-ms="26596" status="PASS">
          <reporter-output>
          </reporter-output>
        </test-method> <!-- signup_Invalidemail -->
        <test-method is-config="true" signature="closeBrowser()[pri:0, instance:Testcases.SignUp@388ffbc2]" started-at="2024-07-01T13:31:59 IST" name="closeBrowser" finished-at="2024-07-01T13:31:59 IST" duration-ms="208" status="PASS">
          <reporter-output>
          </reporter-output>
        </test-method> <!-- closeBrowser -->
        <test-method is-config="true" signature="setup()[pri:0, instance:Testcases.SignUp@388ffbc2]" started-at="2024-07-01T13:31:59 IST" name="setup" finished-at="2024-07-01T13:32:02 IST" duration-ms="3062" status="PASS">
          <reporter-output>
          </reporter-output>
        </test-method> <!-- setup -->
        <test-method signature="signup_Invalid_OTP()[pri:6, instance:Testcases.SignUp@388ffbc2]" started-at="2024-07-01T13:32:02 IST" name="signup_Invalid_OTP" finished-at="2024-07-01T13:32:34 IST" duration-ms="32174" status="PASS">
          <reporter-output>
          </reporter-output>
        </test-method> <!-- signup_Invalid_OTP -->
        <test-method is-config="true" signature="closeBrowser()[pri:0, instance:Testcases.SignUp@388ffbc2]" started-at="2024-07-01T13:32:34 IST" name="closeBrowser" finished-at="2024-07-01T13:32:34 IST" duration-ms="182" status="PASS">
          <reporter-output>
          </reporter-output>
        </test-method> <!-- closeBrowser -->
        <test-method is-config="true" signature="setup()[pri:0, instance:Testcases.SignUp@388ffbc2]" started-at="2024-07-01T13:32:34 IST" name="setup" finished-at="2024-07-01T13:32:38 IST" duration-ms="3151" status="PASS">
          <reporter-output>
          </reporter-output>
        </test-method> <!-- setup -->
        <test-method signature="Login_signup()[pri:7, instance:Testcases.SignUp@388ffbc2]" started-at="2024-07-01T13:32:38 IST" name="Login_signup" finished-at="2024-07-01T13:32:41 IST" duration-ms="3540" status="PASS">
          <reporter-output>
          </reporter-output>
        </test-method> <!-- Login_signup -->
        <test-method is-config="true" signature="closeBrowser()[pri:0, instance:Testcases.SignUp@388ffbc2]" started-at="2024-07-01T13:32:41 IST" name="closeBrowser" finished-at="2024-07-01T13:32:41 IST" duration-ms="264" status="PASS">
          <reporter-output>
          </reporter-output>
        </test-method> <!-- closeBrowser -->
        <test-method is-config="true" signature="setup()[pri:0, instance:Testcases.SignUp@388ffbc2]" started-at="2024-07-01T13:32:41 IST" name="setup" finished-at="2024-07-01T13:32:44 IST" duration-ms="2865" status="PASS">
          <reporter-output>
          </reporter-output>
        </test-method> <!-- setup -->
        <test-method signature="existing_emailid()[pri:8, instance:Testcases.SignUp@388ffbc2]" started-at="2024-07-01T13:32:44 IST" name="existing_emailid" finished-at="2024-07-01T13:32:48 IST" duration-ms="3538" status="PASS">
          <reporter-output>
          </reporter-output>
        </test-method> <!-- existing_emailid -->
        <test-method is-config="true" signature="closeBrowser()[pri:0, instance:Testcases.SignUp@388ffbc2]" started-at="2024-07-01T13:32:48 IST" name="closeBrowser" finished-at="2024-07-01T13:32:48 IST" duration-ms="252" status="PASS">
          <reporter-output>
          </reporter-output>
        </test-method> <!-- closeBrowser -->
        <test-method is-config="true" signature="setup()[pri:0, instance:Testcases.SignUp@388ffbc2]" started-at="2024-07-01T13:32:48 IST" name="setup" finished-at="2024-07-01T13:32:51 IST" duration-ms="2818" status="PASS">
          <reporter-output>
          </reporter-output>
        </test-method> <!-- setup -->
        <test-method signature="signup_resendcode()[pri:9, instance:Testcases.SignUp@388ffbc2]" started-at="2024-07-01T13:32:51 IST" name="signup_resendcode" finished-at="2024-07-01T13:33:28 IST" duration-ms="36728" status="PASS">
          <reporter-output>
          </reporter-output>
        </test-method> <!-- signup_resendcode -->
        <test-method is-config="true" signature="closeBrowser()[pri:0, instance:Testcases.SignUp@388ffbc2]" started-at="2024-07-01T13:33:28 IST" name="closeBrowser" finished-at="2024-07-01T13:33:28 IST" duration-ms="238" status="PASS">
          <reporter-output>
          </reporter-output>
        </test-method> <!-- closeBrowser -->
        <test-method is-config="true" signature="setup()[pri:0, instance:Testcases.SignUp@388ffbc2]" started-at="2024-07-01T13:33:28 IST" name="setup" finished-at="2024-07-01T13:33:29 IST" duration-ms="1286" status="PASS">
          <reporter-output>
          </reporter-output>
        </test-method> <!-- setup -->
        <test-method signature="signup_MultipleInvalidOtps()[pri:11, instance:Testcases.SignUp@388ffbc2]" started-at="2024-07-01T13:33:29 IST" name="signup_MultipleInvalidOtps" finished-at="2024-07-01T13:34:14 IST" duration-ms="44801" status="PASS">
          <reporter-output>
          </reporter-output>
        </test-method> <!-- signup_MultipleInvalidOtps -->
        <test-method is-config="true" signature="closeBrowser()[pri:0, instance:Testcases.SignUp@388ffbc2]" started-at="2024-07-01T13:34:14 IST" name="closeBrowser" finished-at="2024-07-01T13:34:14 IST" duration-ms="214" status="PASS">
          <reporter-output>
          </reporter-output>
        </test-method> <!-- closeBrowser -->
      </class> <!-- Testcases.SignUp -->
      <class name="Testcases.Post_login">
        <test-method is-config="true" signature="setupExtentReports()[pri:0, instance:Testcases.Post_login@7a56812e]" started-at="2024-07-01T13:25:01 IST" name="setupExtentReports" finished-at="2024-07-01T13:25:02 IST" duration-ms="226" status="PASS">
          <reporter-output>
          </reporter-output>
        </test-method> <!-- setupExtentReports -->
        <test-method is-config="true" signature="setup()[pri:0, instance:Testcases.Post_login@7a56812e]" started-at="2024-07-01T13:25:02 IST" name="setup" finished-at="2024-07-01T13:25:05 IST" duration-ms="3458" status="PASS">
          <reporter-output>
          </reporter-output>
        </test-method> <!-- setup -->
        <test-method signature="Login_Dashboard()[pri:1, instance:Testcases.Post_login@7a56812e]" started-at="2024-07-01T13:25:05 IST" name="Login_Dashboard" finished-at="2024-07-01T13:25:19 IST" duration-ms="13597" status="PASS">
          <reporter-output>
          </reporter-output>
        </test-method> <!-- Login_Dashboard -->
        <test-method is-config="true" signature="closeBrowser()[pri:0, instance:Testcases.Post_login@7a56812e]" started-at="2024-07-01T13:25:19 IST" name="closeBrowser" finished-at="2024-07-01T13:25:19 IST" duration-ms="660" status="PASS">
          <reporter-output>
          </reporter-output>
        </test-method> <!-- closeBrowser -->
        <test-method is-config="true" signature="setup()[pri:0, instance:Testcases.Post_login@7a56812e]" started-at="2024-07-01T13:25:19 IST" name="setup" finished-at="2024-07-01T13:25:21 IST" duration-ms="1779" status="PASS">
          <reporter-output>
          </reporter-output>
        </test-method> <!-- setup -->
        <test-method signature="signup_login()[pri:2, instance:Testcases.Post_login@7a56812e]" started-at="2024-07-01T13:25:21 IST" name="signup_login" finished-at="2024-07-01T13:25:33 IST" duration-ms="12379" status="PASS">
          <reporter-output>
          </reporter-output>
        </test-method> <!-- signup_login -->
        <test-method is-config="true" signature="closeBrowser()[pri:0, instance:Testcases.Post_login@7a56812e]" started-at="2024-07-01T13:25:33 IST" name="closeBrowser" finished-at="2024-07-01T13:25:34 IST" duration-ms="609" status="PASS">
          <reporter-output>
          </reporter-output>
        </test-method> <!-- closeBrowser -->
        <test-method is-config="true" signature="setup()[pri:0, instance:Testcases.Post_login@7a56812e]" started-at="2024-07-01T13:25:34 IST" name="setup" finished-at="2024-07-01T13:25:36 IST" duration-ms="1533" status="PASS">
          <reporter-output>
          </reporter-output>
        </test-method> <!-- setup -->
        <test-method signature="after_login_changeto_filter()[pri:3, instance:Testcases.Post_login@7a56812e]" started-at="2024-07-01T13:25:36 IST" name="after_login_changeto_filter" finished-at="2024-07-01T13:25:54 IST" duration-ms="17912" status="PASS">
          <reporter-output>
          </reporter-output>
        </test-method> <!-- after_login_changeto_filter -->
        <test-method is-config="true" signature="closeBrowser()[pri:0, instance:Testcases.Post_login@7a56812e]" started-at="2024-07-01T13:25:54 IST" name="closeBrowser" finished-at="2024-07-01T13:25:54 IST" duration-ms="176" status="PASS">
          <reporter-output>
          </reporter-output>
        </test-method> <!-- closeBrowser -->
        <test-method is-config="true" signature="setup()[pri:0, instance:Testcases.Post_login@7a56812e]" started-at="2024-07-01T13:25:54 IST" name="setup" finished-at="2024-07-01T13:25:58 IST" duration-ms="3986" status="PASS">
          <reporter-output>
          </reporter-output>
        </test-method> <!-- setup -->
        <test-method signature="Surveycard_back_navigation()[pri:4, instance:Testcases.Post_login@7a56812e]" started-at="2024-07-01T13:25:58 IST" name="Surveycard_back_navigation" finished-at="2024-07-01T13:26:17 IST" duration-ms="18932" status="PASS">
          <reporter-output>
          </reporter-output>
        </test-method> <!-- Surveycard_back_navigation -->
        <test-method is-config="true" signature="closeBrowser()[pri:0, instance:Testcases.Post_login@7a56812e]" started-at="2024-07-01T13:26:17 IST" name="closeBrowser" finished-at="2024-07-01T13:26:17 IST" duration-ms="211" status="PASS">
          <reporter-output>
          </reporter-output>
        </test-method> <!-- closeBrowser -->
        <test-method is-config="true" signature="setup()[pri:0, instance:Testcases.Post_login@7a56812e]" started-at="2024-07-01T13:26:17 IST" name="setup" finished-at="2024-07-01T13:26:19 IST" duration-ms="1867" status="PASS">
          <reporter-output>
          </reporter-output>
        </test-method> <!-- setup -->
        <test-method signature="printing_survey_title()[pri:5, instance:Testcases.Post_login@7a56812e]" started-at="2024-07-01T13:26:19 IST" name="printing_survey_title" finished-at="2024-07-01T13:26:31 IST" duration-ms="12753" status="PASS">
          <reporter-output>
          </reporter-output>
        </test-method> <!-- printing_survey_title -->
        <test-method is-config="true" signature="closeBrowser()[pri:0, instance:Testcases.Post_login@7a56812e]" started-at="2024-07-01T13:26:31 IST" name="closeBrowser" finished-at="2024-07-01T13:26:33 IST" duration-ms="1160" status="PASS">
          <reporter-output>
          </reporter-output>
        </test-method> <!-- closeBrowser -->
        <test-method is-config="true" signature="setup()[pri:0, instance:Testcases.Post_login@7a56812e]" started-at="2024-07-01T13:26:33 IST" name="setup" finished-at="2024-07-01T13:26:35 IST" duration-ms="2827" status="PASS">
          <reporter-output>
          </reporter-output>
        </test-method> <!-- setup -->
        <test-method signature="allsurveys_cardLIST()[pri:6, instance:Testcases.Post_login@7a56812e]" started-at="2024-07-01T13:26:35 IST" name="allsurveys_cardLIST" finished-at="2024-07-01T13:26:48 IST" duration-ms="12580" status="PASS">
          <reporter-output>
          </reporter-output>
        </test-method> <!-- allsurveys_cardLIST -->
        <test-method is-config="true" signature="closeBrowser()[pri:0, instance:Testcases.Post_login@7a56812e]" started-at="2024-07-01T13:26:48 IST" name="closeBrowser" finished-at="2024-07-01T13:26:48 IST" duration-ms="212" status="PASS">
          <reporter-output>
          </reporter-output>
        </test-method> <!-- closeBrowser -->
        <test-method is-config="true" signature="setup()[pri:0, instance:Testcases.Post_login@7a56812e]" started-at="2024-07-01T13:26:48 IST" name="setup" finished-at="2024-07-01T13:26:50 IST" duration-ms="2046" status="PASS">
          <reporter-output>
          </reporter-output>
        </test-method> <!-- setup -->
        <test-method signature="Scheduled_surveys_cardNumber()[pri:7, instance:Testcases.Post_login@7a56812e]" started-at="2024-07-01T13:26:50 IST" name="Scheduled_surveys_cardNumber" finished-at="2024-07-01T13:27:07 IST" duration-ms="16428" status="PASS">
          <reporter-output>
          </reporter-output>
        </test-method> <!-- Scheduled_surveys_cardNumber -->
        <test-method is-config="true" signature="closeBrowser()[pri:0, instance:Testcases.Post_login@7a56812e]" started-at="2024-07-01T13:27:07 IST" name="closeBrowser" finished-at="2024-07-01T13:27:07 IST" duration-ms="592" status="PASS">
          <reporter-output>
          </reporter-output>
        </test-method> <!-- closeBrowser -->
        <test-method is-config="true" signature="setup()[pri:0, instance:Testcases.Post_login@7a56812e]" started-at="2024-07-01T13:27:07 IST" name="setup" finished-at="2024-07-01T13:27:10 IST" duration-ms="2249" status="PASS">
          <reporter-output>
          </reporter-output>
        </test-method> <!-- setup -->
        <test-method signature="Completed_survey_list()[pri:8, instance:Testcases.Post_login@7a56812e]" started-at="2024-07-01T13:27:10 IST" name="Completed_survey_list" finished-at="2024-07-01T13:27:26 IST" duration-ms="16337" status="PASS">
          <reporter-output>
          </reporter-output>
        </test-method> <!-- Completed_survey_list -->
        <test-method is-config="true" signature="closeBrowser()[pri:0, instance:Testcases.Post_login@7a56812e]" started-at="2024-07-01T13:27:26 IST" name="closeBrowser" finished-at="2024-07-01T13:27:26 IST" duration-ms="144" status="PASS">
          <reporter-output>
          </reporter-output>
        </test-method> <!-- closeBrowser -->
        <test-method is-config="true" signature="setup()[pri:0, instance:Testcases.Post_login@7a56812e]" started-at="2024-07-01T13:27:26 IST" name="setup" finished-at="2024-07-01T13:27:28 IST" duration-ms="1666" status="PASS">
          <reporter-output>
          </reporter-output>
        </test-method> <!-- setup -->
        <test-method signature="LIVE_surveycard_Numbers()[pri:9, instance:Testcases.Post_login@7a56812e]" started-at="2024-07-01T13:27:28 IST" name="LIVE_surveycard_Numbers" finished-at="2024-07-01T13:27:46 IST" duration-ms="18560" status="PASS">
          <reporter-output>
          </reporter-output>
        </test-method> <!-- LIVE_surveycard_Numbers -->
        <test-method is-config="true" signature="closeBrowser()[pri:0, instance:Testcases.Post_login@7a56812e]" started-at="2024-07-01T13:27:46 IST" name="closeBrowser" finished-at="2024-07-01T13:27:46 IST" duration-ms="149" status="PASS">
          <reporter-output>
          </reporter-output>
        </test-method> <!-- closeBrowser -->
        <test-method is-config="true" signature="setup()[pri:0, instance:Testcases.Post_login@7a56812e]" started-at="2024-07-01T13:27:46 IST" name="setup" finished-at="2024-07-01T13:27:51 IST" duration-ms="4276" status="PASS">
          <reporter-output>
          </reporter-output>
        </test-method> <!-- setup -->
        <test-method signature="Overview()[pri:10, instance:Testcases.Post_login@7a56812e]" started-at="2024-07-01T13:27:51 IST" name="Overview" finished-at="2024-07-01T13:28:02 IST" duration-ms="11025" status="PASS">
          <reporter-output>
          </reporter-output>
        </test-method> <!-- Overview -->
        <test-method is-config="true" signature="closeBrowser()[pri:0, instance:Testcases.Post_login@7a56812e]" started-at="2024-07-01T13:28:02 IST" name="closeBrowser" finished-at="2024-07-01T13:28:03 IST" duration-ms="1129" status="PASS">
          <reporter-output>
          </reporter-output>
        </test-method> <!-- closeBrowser -->
        <test-method is-config="true" signature="setup()[pri:0, instance:Testcases.Post_login@7a56812e]" started-at="2024-07-01T13:28:03 IST" name="setup" finished-at="2024-07-01T13:28:05 IST" duration-ms="1675" status="PASS">
          <reporter-output>
          </reporter-output>
        </test-method> <!-- setup -->
        <test-method signature="allsurveys_Heading()[pri:11, instance:Testcases.Post_login@7a56812e]" started-at="2024-07-01T13:28:05 IST" name="allsurveys_Heading" finished-at="2024-07-01T13:28:18 IST" duration-ms="13444" status="PASS">
          <reporter-output>
          </reporter-output>
        </test-method> <!-- allsurveys_Heading -->
        <test-method is-config="true" signature="closeBrowser()[pri:0, instance:Testcases.Post_login@7a56812e]" started-at="2024-07-01T13:28:18 IST" name="closeBrowser" finished-at="2024-07-01T13:28:18 IST" duration-ms="410" status="PASS">
          <reporter-output>
          </reporter-output>
        </test-method> <!-- closeBrowser -->
        <test-method is-config="true" signature="setup()[pri:0, instance:Testcases.Post_login@7a56812e]" started-at="2024-07-01T13:28:18 IST" name="setup" finished-at="2024-07-01T13:28:20 IST" duration-ms="1676" status="PASS">
          <reporter-output>
          </reporter-output>
        </test-method> <!-- setup -->
        <test-method signature="print_the_firstsurvey_response()[pri:12, instance:Testcases.Post_login@7a56812e]" started-at="2024-07-01T13:28:20 IST" name="print_the_firstsurvey_response" finished-at="2024-07-01T13:28:58 IST" duration-ms="38262" status="PASS">
          <reporter-output>
          </reporter-output>
        </test-method> <!-- print_the_firstsurvey_response -->
        <test-method is-config="true" signature="closeBrowser()[pri:0, instance:Testcases.Post_login@7a56812e]" started-at="2024-07-01T13:28:58 IST" name="closeBrowser" finished-at="2024-07-01T13:28:58 IST" duration-ms="139" status="PASS">
          <reporter-output>
          </reporter-output>
        </test-method> <!-- closeBrowser -->
        <test-method is-config="true" signature="setup()[pri:0, instance:Testcases.Post_login@7a56812e]" started-at="2024-07-01T13:28:58 IST" name="setup" finished-at="2024-07-01T13:29:00 IST" duration-ms="1801" status="PASS">
          <reporter-output>
          </reporter-output>
        </test-method> <!-- setup -->
        <test-method signature="change_filters()[pri:13, instance:Testcases.Post_login@7a56812e]" started-at="2024-07-01T13:29:00 IST" name="change_filters" finished-at="2024-07-01T13:29:22 IST" duration-ms="21851" status="PASS">
          <reporter-output>
          </reporter-output>
        </test-method> <!-- change_filters -->
        <test-method is-config="true" signature="closeBrowser()[pri:0, instance:Testcases.Post_login@7a56812e]" started-at="2024-07-01T13:29:22 IST" name="closeBrowser" finished-at="2024-07-01T13:29:22 IST" duration-ms="163" status="PASS">
          <reporter-output>
          </reporter-output>
        </test-method> <!-- closeBrowser -->
        <test-method is-config="true" signature="setup()[pri:0, instance:Testcases.Post_login@7a56812e]" started-at="2024-07-01T13:29:22 IST" name="setup" finished-at="2024-07-01T13:29:26 IST" duration-ms="3925" status="PASS">
          <reporter-output>
          </reporter-output>
        </test-method> <!-- setup -->
        <test-method signature="login_switch_home()[pri:14, instance:Testcases.Post_login@7a56812e]" started-at="2024-07-01T13:29:26 IST" name="login_switch_home" finished-at="2024-07-01T13:29:48 IST" duration-ms="21407" status="PASS">
          <reporter-output>
          </reporter-output>
        </test-method> <!-- login_switch_home -->
        <test-method is-config="true" signature="closeBrowser()[pri:0, instance:Testcases.Post_login@7a56812e]" started-at="2024-07-01T13:29:48 IST" name="closeBrowser" finished-at="2024-07-01T13:29:48 IST" duration-ms="175" status="PASS">
          <reporter-output>
          </reporter-output>
        </test-method> <!-- closeBrowser -->
        <test-method is-config="true" signature="setup()[pri:0, instance:Testcases.Post_login@7a56812e]" started-at="2024-07-01T13:29:48 IST" name="setup" finished-at="2024-07-01T13:29:49 IST" duration-ms="1702" status="PASS">
          <reporter-output>
          </reporter-output>
        </test-method> <!-- setup -->
        <test-method signature="getstarted_login()[pri:15, instance:Testcases.Post_login@7a56812e]" started-at="2024-07-01T13:29:49 IST" name="getstarted_login" finished-at="2024-07-01T13:30:17 IST" duration-ms="27108" status="PASS">
          <reporter-output>
          </reporter-output>
        </test-method> <!-- getstarted_login -->
        <test-method is-config="true" signature="closeBrowser()[pri:0, instance:Testcases.Post_login@7a56812e]" started-at="2024-07-01T13:30:17 IST" name="closeBrowser" finished-at="2024-07-01T13:30:17 IST" duration-ms="236" status="PASS">
          <reporter-output>
          </reporter-output>
        </test-method> <!-- closeBrowser -->
        <test-method is-config="true" signature="setup()[pri:0, instance:Testcases.Post_login@7a56812e]" started-at="2024-07-01T13:30:17 IST" name="setup" finished-at="2024-07-01T13:30:21 IST" duration-ms="4316" status="PASS">
          <reporter-output>
          </reporter-output>
        </test-method> <!-- setup -->
        <test-method retried="true" signature="verifySignupNotDisplayedAfterNavigation()[pri:16, instance:Testcases.Post_login@7a56812e]" started-at="2024-07-01T13:30:21 IST" name="verifySignupNotDisplayedAfterNavigation" finished-at="2024-07-01T13:30:37 IST" duration-ms="15595" status="SKIP">
          <exception class="java.lang.AssertionError">
            <message>
              <![CDATA[Signup screen is still displayed after navigating back expected [false] but found [true]]]>
            </message>
            <full-stacktrace>
              <![CDATA[java.lang.AssertionError: Signup screen is still displayed after navigating back expected [false] but found [true]
at org.testng.Assert.fail(Assert.java:110)
at org.testng.Assert.failNotEquals(Assert.java:1577)
at org.testng.Assert.assertFalse(Assert.java:78)
at Testcases.Post_login.verifySignupNotDisplayedAfterNavigation(Post_login.java:412)
at java.base/jdk.internal.reflect.NativeMethodAccessorImpl.invoke0(Native Method)
at java.base/jdk.internal.reflect.NativeMethodAccessorImpl.invoke(NativeMethodAccessorImpl.java:77)
at java.base/jdk.internal.reflect.DelegatingMethodAccessorImpl.invoke(DelegatingMethodAccessorImpl.java:43)
at java.base/java.lang.reflect.Method.invoke(Method.java:568)
at org.testng.internal.invokers.MethodInvocationHelper.invokeMethod(MethodInvocationHelper.java:139)
at org.testng.internal.invokers.TestInvoker.invokeMethod(TestInvoker.java:677)
at org.testng.internal.invokers.TestInvoker.invokeTestMethod(TestInvoker.java:221)
at org.testng.internal.invokers.MethodRunner.runInSequence(MethodRunner.java:50)
at org.testng.internal.invokers.TestInvoker$MethodInvocationAgent.invoke(TestInvoker.java:969)
at org.testng.internal.invokers.TestInvoker.invokeTestMethods(TestInvoker.java:194)
at org.testng.internal.invokers.TestMethodWorker.invokeTestMethods(TestMethodWorker.java:148)
at org.testng.internal.invokers.TestMethodWorker.run(TestMethodWorker.java:128)
at java.base/java.util.ArrayList.forEach(ArrayList.java:1511)
at org.testng.TestRunner.privateRun(TestRunner.java:829)
at org.testng.TestRunner.run(TestRunner.java:602)
at org.testng.SuiteRunner.runTest(SuiteRunner.java:437)
at org.testng.SuiteRunner.runSequentially(SuiteRunner.java:431)
at org.testng.SuiteRunner.privateRun(SuiteRunner.java:391)
at org.testng.SuiteRunner.run(SuiteRunner.java:330)
at org.testng.SuiteRunnerWorker.runSuite(SuiteRunnerWorker.java:52)
at org.testng.SuiteRunnerWorker.run(SuiteRunnerWorker.java:95)
at org.testng.TestNG.runSuitesSequentially(TestNG.java:1256)
at org.testng.TestNG.runSuitesLocally(TestNG.java:1176)
at org.testng.TestNG.runSuites(TestNG.java:1099)
at org.testng.TestNG.run(TestNG.java:1067)
at org.testng.remote.AbstractRemoteTestNG.run(AbstractRemoteTestNG.java:115)
at org.testng.remote.RemoteTestNG.initAndRun(RemoteTestNG.java:293)
at org.testng.remote.RemoteTestNG.main(RemoteTestNG.java:91)
]]>
            </full-stacktrace>
          </exception> <!-- java.lang.AssertionError -->
          <reporter-output>
          </reporter-output>
        </test-method> <!-- verifySignupNotDisplayedAfterNavigation -->
        <test-method is-config="true" signature="closeBrowser()[pri:0, instance:Testcases.Post_login@7a56812e]" started-at="2024-07-01T13:30:37 IST" name="closeBrowser" finished-at="2024-07-01T13:30:37 IST" duration-ms="214" status="PASS">
          <reporter-output>
          </reporter-output>
        </test-method> <!-- closeBrowser -->
        <test-method is-config="true" signature="setup()[pri:0, instance:Testcases.Post_login@7a56812e]" started-at="2024-07-01T13:30:37 IST" name="setup" finished-at="2024-07-01T13:30:39 IST" duration-ms="2105" status="PASS">
          <reporter-output>
          </reporter-output>
        </test-method> <!-- setup -->
        <test-method signature="verifySignupNotDisplayedAfterNavigation()[pri:16, instance:Testcases.Post_login@7a56812e]" started-at="2024-07-01T13:30:39 IST" name="verifySignupNotDisplayedAfterNavigation" finished-at="2024-07-01T13:30:55 IST" duration-ms="15563" status="FAIL">
          <exception class="java.lang.AssertionError">
            <message>
              <![CDATA[Signup screen is still displayed after navigating back expected [false] but found [true]]]>
            </message>
            <full-stacktrace>
              <![CDATA[java.lang.AssertionError: Signup screen is still displayed after navigating back expected [false] but found [true]
at org.testng.Assert.fail(Assert.java:110)
at org.testng.Assert.failNotEquals(Assert.java:1577)
at org.testng.Assert.assertFalse(Assert.java:78)
at Testcases.Post_login.verifySignupNotDisplayedAfterNavigation(Post_login.java:412)
at java.base/jdk.internal.reflect.NativeMethodAccessorImpl.invoke0(Native Method)
at java.base/jdk.internal.reflect.NativeMethodAccessorImpl.invoke(NativeMethodAccessorImpl.java:77)
at java.base/jdk.internal.reflect.DelegatingMethodAccessorImpl.invoke(DelegatingMethodAccessorImpl.java:43)
at java.base/java.lang.reflect.Method.invoke(Method.java:568)
at org.testng.internal.invokers.MethodInvocationHelper.invokeMethod(MethodInvocationHelper.java:139)
at org.testng.internal.invokers.TestInvoker.invokeMethod(TestInvoker.java:677)
at org.testng.internal.invokers.TestInvoker.retryFailed(TestInvoker.java:263)
at org.testng.internal.invokers.MethodRunner.runInSequence(MethodRunner.java:62)
at org.testng.internal.invokers.TestInvoker$MethodInvocationAgent.invoke(TestInvoker.java:969)
at org.testng.internal.invokers.TestInvoker.invokeTestMethods(TestInvoker.java:194)
at org.testng.internal.invokers.TestMethodWorker.invokeTestMethods(TestMethodWorker.java:148)
at org.testng.internal.invokers.TestMethodWorker.run(TestMethodWorker.java:128)
at java.base/java.util.ArrayList.forEach(ArrayList.java:1511)
at org.testng.TestRunner.privateRun(TestRunner.java:829)
at org.testng.TestRunner.run(TestRunner.java:602)
at org.testng.SuiteRunner.runTest(SuiteRunner.java:437)
at org.testng.SuiteRunner.runSequentially(SuiteRunner.java:431)
at org.testng.SuiteRunner.privateRun(SuiteRunner.java:391)
at org.testng.SuiteRunner.run(SuiteRunner.java:330)
at org.testng.SuiteRunnerWorker.runSuite(SuiteRunnerWorker.java:52)
at org.testng.SuiteRunnerWorker.run(SuiteRunnerWorker.java:95)
at org.testng.TestNG.runSuitesSequentially(TestNG.java:1256)
at org.testng.TestNG.runSuitesLocally(TestNG.java:1176)
at org.testng.TestNG.runSuites(TestNG.java:1099)
at org.testng.TestNG.run(TestNG.java:1067)
at org.testng.remote.AbstractRemoteTestNG.run(AbstractRemoteTestNG.java:115)
at org.testng.remote.RemoteTestNG.initAndRun(RemoteTestNG.java:293)
at org.testng.remote.RemoteTestNG.main(RemoteTestNG.java:91)
]]>
            </full-stacktrace>
          </exception> <!-- java.lang.AssertionError -->
          <reporter-output>
          </reporter-output>
        </test-method> <!-- verifySignupNotDisplayedAfterNavigation -->
        <test-method is-config="true" signature="closeBrowser()[pri:0, instance:Testcases.Post_login@7a56812e]" started-at="2024-07-01T13:30:55 IST" name="closeBrowser" finished-at="2024-07-01T13:30:56 IST" duration-ms="946" status="PASS">
          <reporter-output>
          </reporter-output>
        </test-method> <!-- closeBrowser -->
        <test-method is-config="true" signature="setup()[pri:0, instance:Testcases.Post_login@7a56812e]" started-at="2024-07-01T13:30:56 IST" name="setup" finished-at="2024-07-01T13:30:58 IST" duration-ms="2126" status="PASS">
          <reporter-output>
          </reporter-output>
        </test-method> <!-- setup -->
        <test-method signature="Delete_cookies()[pri:17, instance:Testcases.Post_login@7a56812e]" started-at="2024-07-01T13:30:58 IST" name="Delete_cookies" finished-at="2024-07-01T13:31:14 IST" duration-ms="16032" status="PASS">
          <reporter-output>
          </reporter-output>
        </test-method> <!-- Delete_cookies -->
        <test-method is-config="true" signature="closeBrowser()[pri:0, instance:Testcases.Post_login@7a56812e]" started-at="2024-07-01T13:31:14 IST" name="closeBrowser" finished-at="2024-07-01T13:31:15 IST" duration-ms="949" status="PASS">
          <reporter-output>
          </reporter-output>
        </test-method> <!-- closeBrowser -->
        <test-method is-config="true" signature="tearDownExtentReports()[pri:0, instance:Testcases.Post_login@7a56812e]" started-at="2024-07-01T13:38:28 IST" name="tearDownExtentReports" finished-at="2024-07-01T13:38:28 IST" duration-ms="442" status="PASS">
          <reporter-output>
          </reporter-output>
        </test-method> <!-- tearDownExtentReports -->
      </class> <!-- Testcases.Post_login -->
      <class name="Testcases.Login_in">
        <test-method is-config="true" signature="setup()[pri:0, instance:Testcases.Login_in@a50b09c]" started-at="2024-07-01T13:34:14 IST" name="setup" finished-at="2024-07-01T13:34:16 IST" duration-ms="1488" status="PASS">
          <reporter-output>
          </reporter-output>
        </test-method> <!-- setup -->
        <test-method signature="clickon_login()[pri:1, instance:Testcases.Login_in@a50b09c]" started-at="2024-07-01T13:34:16 IST" name="clickon_login" finished-at="2024-07-01T13:34:28 IST" duration-ms="12086" status="PASS">
          <reporter-output>
          </reporter-output>
        </test-method> <!-- clickon_login -->
        <test-method is-config="true" signature="closeBrowser()[pri:0, instance:Testcases.Login_in@a50b09c]" started-at="2024-07-01T13:34:28 IST" name="closeBrowser" finished-at="2024-07-01T13:34:28 IST" duration-ms="187" status="PASS">
          <reporter-output>
          </reporter-output>
        </test-method> <!-- closeBrowser -->
        <test-method is-config="true" signature="setup()[pri:0, instance:Testcases.Login_in@a50b09c]" started-at="2024-07-01T13:34:28 IST" name="setup" finished-at="2024-07-01T13:34:29 IST" duration-ms="1097" status="PASS">
          <reporter-output>
          </reporter-output>
        </test-method> <!-- setup -->
        <test-method signature="Resend_OTP()[pri:2, instance:Testcases.Login_in@a50b09c]" started-at="2024-07-01T13:34:29 IST" name="Resend_OTP" finished-at="2024-07-01T13:35:21 IST" duration-ms="52326" status="PASS">
          <reporter-output>
          </reporter-output>
        </test-method> <!-- Resend_OTP -->
        <test-method is-config="true" signature="closeBrowser()[pri:0, instance:Testcases.Login_in@a50b09c]" started-at="2024-07-01T13:35:21 IST" name="closeBrowser" finished-at="2024-07-01T13:35:21 IST" duration-ms="208" status="PASS">
          <reporter-output>
          </reporter-output>
        </test-method> <!-- closeBrowser -->
        <test-method is-config="true" signature="setup()[pri:0, instance:Testcases.Login_in@a50b09c]" started-at="2024-07-01T13:35:21 IST" name="setup" finished-at="2024-07-01T13:35:24 IST" duration-ms="2685" status="PASS">
          <reporter-output>
          </reporter-output>
        </test-method> <!-- setup -->
        <test-method signature="Invalid_Email()[pri:3, instance:Testcases.Login_in@a50b09c]" started-at="2024-07-01T13:35:24 IST" name="Invalid_Email" finished-at="2024-07-01T13:35:35 IST" duration-ms="11124" status="PASS">
          <reporter-output>
          </reporter-output>
        </test-method> <!-- Invalid_Email -->
        <test-method is-config="true" signature="closeBrowser()[pri:0, instance:Testcases.Login_in@a50b09c]" started-at="2024-07-01T13:35:35 IST" name="closeBrowser" finished-at="2024-07-01T13:35:36 IST" duration-ms="210" status="PASS">
          <reporter-output>
          </reporter-output>
        </test-method> <!-- closeBrowser -->
        <test-method is-config="true" signature="setup()[pri:0, instance:Testcases.Login_in@a50b09c]" started-at="2024-07-01T13:35:36 IST" name="setup" finished-at="2024-07-01T13:35:38 IST" duration-ms="2397" status="PASS">
          <reporter-output>
          </reporter-output>
        </test-method> <!-- setup -->
        <test-method signature="email_error_message()[pri:4, instance:Testcases.Login_in@a50b09c]" started-at="2024-07-01T13:35:38 IST" name="email_error_message" finished-at="2024-07-01T13:35:49 IST" duration-ms="11202" status="PASS">
          <reporter-output>
          </reporter-output>
        </test-method> <!-- email_error_message -->
        <test-method is-config="true" signature="closeBrowser()[pri:0, instance:Testcases.Login_in@a50b09c]" started-at="2024-07-01T13:35:49 IST" name="closeBrowser" finished-at="2024-07-01T13:35:49 IST" duration-ms="202" status="PASS">
          <reporter-output>
          </reporter-output>
        </test-method> <!-- closeBrowser -->
        <test-method is-config="true" signature="setup()[pri:0, instance:Testcases.Login_in@a50b09c]" started-at="2024-07-01T13:35:49 IST" name="setup" finished-at="2024-07-01T13:35:52 IST" duration-ms="2261" status="PASS">
          <reporter-output>
          </reporter-output>
        </test-method> <!-- setup -->
        <test-method signature="OTP_error()[pri:5, instance:Testcases.Login_in@a50b09c]" started-at="2024-07-01T13:35:52 IST" name="OTP_error" finished-at="2024-07-01T13:36:07 IST" duration-ms="15834" status="PASS">
          <reporter-output>
          </reporter-output>
        </test-method> <!-- OTP_error -->
        <test-method is-config="true" signature="closeBrowser()[pri:0, instance:Testcases.Login_in@a50b09c]" started-at="2024-07-01T13:36:07 IST" name="closeBrowser" finished-at="2024-07-01T13:36:08 IST" duration-ms="1021" status="PASS">
          <reporter-output>
          </reporter-output>
        </test-method> <!-- closeBrowser -->
        <test-method is-config="true" signature="setup()[pri:0, instance:Testcases.Login_in@a50b09c]" started-at="2024-07-01T13:36:08 IST" name="setup" finished-at="2024-07-01T13:36:11 IST" duration-ms="2909" status="PASS">
          <reporter-output>
          </reporter-output>
        </test-method> <!-- setup -->
        <test-method signature="login_signup()[pri:6, instance:Testcases.Login_in@a50b09c]" started-at="2024-07-01T13:36:11 IST" name="login_signup" finished-at="2024-07-01T13:36:13 IST" duration-ms="1801" status="PASS">
          <reporter-output>
          </reporter-output>
        </test-method> <!-- login_signup -->
        <test-method is-config="true" signature="closeBrowser()[pri:0, instance:Testcases.Login_in@a50b09c]" started-at="2024-07-01T13:36:13 IST" name="closeBrowser" finished-at="2024-07-01T13:36:13 IST" duration-ms="163" status="PASS">
          <reporter-output>
          </reporter-output>
        </test-method> <!-- closeBrowser -->
        <test-method is-config="true" signature="setup()[pri:0, instance:Testcases.Login_in@a50b09c]" started-at="2024-07-01T13:36:13 IST" name="setup" finished-at="2024-07-01T13:36:18 IST" duration-ms="5018" status="PASS">
          <reporter-output>
          </reporter-output>
        </test-method> <!-- setup -->
        <test-method signature="New_emailid()[pri:7, instance:Testcases.Login_in@a50b09c]" started-at="2024-07-01T13:36:18 IST" name="New_emailid" finished-at="2024-07-01T13:36:30 IST" duration-ms="11213" status="PASS">
          <reporter-output>
          </reporter-output>
        </test-method> <!-- New_emailid -->
        <test-method is-config="true" signature="closeBrowser()[pri:0, instance:Testcases.Login_in@a50b09c]" started-at="2024-07-01T13:36:30 IST" name="closeBrowser" finished-at="2024-07-01T13:36:30 IST" duration-ms="503" status="PASS">
          <reporter-output>
          </reporter-output>
        </test-method> <!-- closeBrowser -->
        <test-method is-config="true" signature="setup()[pri:0, instance:Testcases.Login_in@a50b09c]" started-at="2024-07-01T13:36:30 IST" name="setup" finished-at="2024-07-01T13:36:32 IST" duration-ms="2091" status="PASS">
          <reporter-output>
          </reporter-output>
        </test-method> <!-- setup -->
        <test-method signature="signup_login()[pri:8, instance:Testcases.Login_in@a50b09c]" started-at="2024-07-01T13:36:32 IST" name="signup_login" finished-at="2024-07-01T13:36:45 IST" duration-ms="12551" status="PASS">
          <reporter-output>
          </reporter-output>
        </test-method> <!-- signup_login -->
        <test-method is-config="true" signature="closeBrowser()[pri:0, instance:Testcases.Login_in@a50b09c]" started-at="2024-07-01T13:36:45 IST" name="closeBrowser" finished-at="2024-07-01T13:36:45 IST" duration-ms="202" status="PASS">
          <reporter-output>
          </reporter-output>
        </test-method> <!-- closeBrowser -->
        <test-method is-config="true" signature="setup()[pri:0, instance:Testcases.Login_in@a50b09c]" started-at="2024-07-01T13:36:45 IST" name="setup" finished-at="2024-07-01T13:36:47 IST" duration-ms="2301" status="PASS">
          <reporter-output>
          </reporter-output>
        </test-method> <!-- setup -->
        <test-method signature="New_emailid_clickon_get_started()[pri:9, instance:Testcases.Login_in@a50b09c]" started-at="2024-07-01T13:36:47 IST" name="New_emailid_clickon_get_started" finished-at="2024-07-01T13:36:58 IST" duration-ms="11254" status="PASS">
          <reporter-output>
          </reporter-output>
        </test-method> <!-- New_emailid_clickon_get_started -->
        <test-method is-config="true" signature="closeBrowser()[pri:0, instance:Testcases.Login_in@a50b09c]" started-at="2024-07-01T13:36:58 IST" name="closeBrowser" finished-at="2024-07-01T13:36:59 IST" duration-ms="185" status="PASS">
          <reporter-output>
          </reporter-output>
        </test-method> <!-- closeBrowser -->
        <test-method is-config="true" signature="setup()[pri:0, instance:Testcases.Login_in@a50b09c]" started-at="2024-07-01T13:36:59 IST" name="setup" finished-at="2024-07-01T13:37:01 IST" duration-ms="2330" status="PASS">
          <reporter-output>
          </reporter-output>
        </test-method> <!-- setup -->
        <test-method signature="New_emailidclickon_get_started()[pri:10, instance:Testcases.Login_in@a50b09c]" started-at="2024-07-01T13:37:01 IST" name="New_emailidclickon_get_started" finished-at="2024-07-01T13:37:12 IST" duration-ms="11363" status="PASS">
          <reporter-output>
          </reporter-output>
        </test-method> <!-- New_emailidclickon_get_started -->
        <test-method is-config="true" signature="closeBrowser()[pri:0, instance:Testcases.Login_in@a50b09c]" started-at="2024-07-01T13:37:12 IST" name="closeBrowser" finished-at="2024-07-01T13:37:12 IST" duration-ms="169" status="PASS">
          <reporter-output>
          </reporter-output>
        </test-method> <!-- closeBrowser -->
      </class> <!-- Testcases.Login_in -->
      <class name="Testcases.clickable_function">
        <test-method is-config="true" signature="setup()[pri:0, instance:Testcases.clickable_function@4da855dd]" started-at="2024-07-01T13:37:12 IST" name="setup" finished-at="2024-07-01T13:37:15 IST" duration-ms="2726" status="PASS">
          <reporter-output>
          </reporter-output>
        </test-method> <!-- setup -->
        <test-method signature="TC_01()[pri:1, instance:Testcases.clickable_function@4da855dd]" started-at="2024-07-01T13:37:15 IST" name="TC_01" finished-at="2024-07-01T13:37:17 IST" duration-ms="1635" status="PASS">
          <reporter-output>
          </reporter-output>
        </test-method> <!-- TC_01 -->
        <test-method is-config="true" signature="closeBrowser()[pri:0, instance:Testcases.clickable_function@4da855dd]" started-at="2024-07-01T13:37:17 IST" name="closeBrowser" finished-at="2024-07-01T13:37:17 IST" duration-ms="270" status="PASS">
          <reporter-output>
          </reporter-output>
        </test-method> <!-- closeBrowser -->
        <test-method is-config="true" signature="setup()[pri:0, instance:Testcases.clickable_function@4da855dd]" started-at="2024-07-01T13:37:17 IST" name="setup" finished-at="2024-07-01T13:37:22 IST" duration-ms="5040" status="PASS">
          <reporter-output>
          </reporter-output>
        </test-method> <!-- setup -->
        <test-method signature="TC_02()[pri:2, instance:Testcases.clickable_function@4da855dd]" started-at="2024-07-01T13:37:22 IST" name="TC_02" finished-at="2024-07-01T13:37:24 IST" duration-ms="1641" status="PASS">
          <reporter-output>
          </reporter-output>
        </test-method> <!-- TC_02 -->
        <test-method is-config="true" signature="closeBrowser()[pri:0, instance:Testcases.clickable_function@4da855dd]" started-at="2024-07-01T13:37:24 IST" name="closeBrowser" finished-at="2024-07-01T13:37:24 IST" duration-ms="235" status="PASS">
          <reporter-output>
          </reporter-output>
        </test-method> <!-- closeBrowser -->
        <test-method is-config="true" signature="setup()[pri:0, instance:Testcases.clickable_function@4da855dd]" started-at="2024-07-01T13:37:24 IST" name="setup" finished-at="2024-07-01T13:37:28 IST" duration-ms="4187" status="PASS">
          <reporter-output>
          </reporter-output>
        </test-method> <!-- setup -->
        <test-method signature="TC_03()[pri:3, instance:Testcases.clickable_function@4da855dd]" started-at="2024-07-01T13:37:28 IST" name="TC_03" finished-at="2024-07-01T13:37:31 IST" duration-ms="2563" status="PASS">
          <reporter-output>
          </reporter-output>
        </test-method> <!-- TC_03 -->
        <test-method is-config="true" signature="closeBrowser()[pri:0, instance:Testcases.clickable_function@4da855dd]" started-at="2024-07-01T13:37:31 IST" name="closeBrowser" finished-at="2024-07-01T13:37:31 IST" duration-ms="225" status="PASS">
          <reporter-output>
          </reporter-output>
        </test-method> <!-- closeBrowser -->
        <test-method is-config="true" signature="setup()[pri:0, instance:Testcases.clickable_function@4da855dd]" started-at="2024-07-01T13:37:31 IST" name="setup" finished-at="2024-07-01T13:37:35 IST" duration-ms="4051" status="PASS">
          <reporter-output>
          </reporter-output>
        </test-method> <!-- setup -->
        <test-method signature="TC_05()[pri:5, instance:Testcases.clickable_function@4da855dd]" started-at="2024-07-01T13:37:35 IST" name="TC_05" finished-at="2024-07-01T13:37:43 IST" duration-ms="7590" status="PASS">
          <reporter-output>
          </reporter-output>
        </test-method> <!-- TC_05 -->
        <test-method is-config="true" signature="closeBrowser()[pri:0, instance:Testcases.clickable_function@4da855dd]" started-at="2024-07-01T13:37:43 IST" name="closeBrowser" finished-at="2024-07-01T13:37:43 IST" duration-ms="856" status="PASS">
          <reporter-output>
          </reporter-output>
        </test-method> <!-- closeBrowser -->
        <test-method is-config="true" signature="setup()[pri:0, instance:Testcases.clickable_function@4da855dd]" started-at="2024-07-01T13:37:43 IST" name="setup" finished-at="2024-07-01T13:37:46 IST" duration-ms="2182" status="PASS">
          <reporter-output>
          </reporter-output>
        </test-method> <!-- setup -->
        <test-method signature="TC_06()[pri:6, instance:Testcases.clickable_function@4da855dd]" started-at="2024-07-01T13:37:46 IST" name="TC_06" finished-at="2024-07-01T13:37:53 IST" duration-ms="7035" status="PASS">
          <reporter-output>
          </reporter-output>
        </test-method> <!-- TC_06 -->
        <test-method is-config="true" signature="closeBrowser()[pri:0, instance:Testcases.clickable_function@4da855dd]" started-at="2024-07-01T13:37:53 IST" name="closeBrowser" finished-at="2024-07-01T13:37:53 IST" duration-ms="257" status="PASS">
          <reporter-output>
          </reporter-output>
        </test-method> <!-- closeBrowser -->
        <test-method is-config="true" signature="setup()[pri:0, instance:Testcases.clickable_function@4da855dd]" started-at="2024-07-01T13:37:53 IST" name="setup" finished-at="2024-07-01T13:37:56 IST" duration-ms="2897" status="PASS">
          <reporter-output>
          </reporter-output>
        </test-method> <!-- setup -->
        <test-method signature="TC_07()[pri:7, instance:Testcases.clickable_function@4da855dd]" started-at="2024-07-01T13:37:56 IST" name="TC_07" finished-at="2024-07-01T13:38:05 IST" duration-ms="9441" status="PASS">
          <reporter-output>
          </reporter-output>
        </test-method> <!-- TC_07 -->
        <test-method is-config="true" signature="closeBrowser()[pri:0, instance:Testcases.clickable_function@4da855dd]" started-at="2024-07-01T13:38:05 IST" name="closeBrowser" finished-at="2024-07-01T13:38:06 IST" duration-ms="985" status="PASS">
          <reporter-output>
          </reporter-output>
        </test-method> <!-- closeBrowser -->
        <test-method is-config="true" signature="setup()[pri:0, instance:Testcases.clickable_function@4da855dd]" started-at="2024-07-01T13:38:06 IST" name="setup" finished-at="2024-07-01T13:38:09 IST" duration-ms="3029" status="PASS">
          <reporter-output>
          </reporter-output>
        </test-method> <!-- setup -->
        <test-method signature="TC_08()[pri:8, instance:Testcases.clickable_function@4da855dd]" started-at="2024-07-01T13:38:09 IST" name="TC_08" finished-at="2024-07-01T13:38:19 IST" duration-ms="10029" status="PASS">
          <reporter-output>
          </reporter-output>
        </test-method> <!-- TC_08 -->
        <test-method is-config="true" signature="closeBrowser()[pri:0, instance:Testcases.clickable_function@4da855dd]" started-at="2024-07-01T13:38:19 IST" name="closeBrowser" finished-at="2024-07-01T13:38:20 IST" duration-ms="1051" status="PASS">
          <reporter-output>
          </reporter-output>
        </test-method> <!-- closeBrowser -->
        <test-method is-config="true" signature="setup()[pri:0, instance:Testcases.clickable_function@4da855dd]" started-at="2024-07-01T13:38:20 IST" name="setup" finished-at="2024-07-01T13:38:23 IST" duration-ms="2539" status="PASS">
          <reporter-output>
          </reporter-output>
        </test-method> <!-- setup -->
        <test-method signature="TC_10()[pri:10, instance:Testcases.clickable_function@4da855dd]" started-at="2024-07-01T13:38:23 IST" name="TC_10" finished-at="2024-07-01T13:38:27 IST" duration-ms="4362" status="PASS">
          <reporter-output>
          </reporter-output>
        </test-method> <!-- TC_10 -->
        <test-method is-config="true" signature="closeBrowser()[pri:0, instance:Testcases.clickable_function@4da855dd]" started-at="2024-07-01T13:38:27 IST" name="closeBrowser" finished-at="2024-07-01T13:38:28 IST" duration-ms="334" status="PASS">
          <reporter-output>
          </reporter-output>
        </test-method> <!-- closeBrowser -->
      </class> <!-- Testcases.clickable_function -->
    </test> <!-- Default test -->
  </suite> <!-- Default suite -->
</testng-results>
