<?xml version="1.0" encoding="UTF-8"?>
<!-- Generated by org.testng.reporters.JUnitXMLReporter -->
<testsuite ignored="11" hostname="DESKTOP-58HEPQB" failures="0" tests="1" name="Default test(failed)" time="15.249" errors="0" timestamp="2024-04-08T18:55:15 IST">
  <testcase classname="Testcases.Login" name="Tc_12" time="8.613"/>
  <testcase classname="Testcases.Login" name="TC_06" time="0.0">
    <ignored/>
  </testcase> <!-- TC_06 -->
  <testcase classname="Testcases.Login" name="Tc_10" time="0.0">
    <ignored/>
  </testcase> <!-- Tc_10 -->
  <testcase classname="Testcases.Login" name="TC_07" time="0.0">
    <ignored/>
  </testcase> <!-- TC_07 -->
  <testcase classname="Testcases.Login" name="TCtets2" time="0.0">
    <ignored/>
  </testcase> <!-- TCtets2 -->
  <testcase classname="Testcases.Login" name="TC_01" time="0.0">
    <ignored/>
  </testcase> <!-- TC_01 -->
  <testcase classname="Testcases.Login" name="TC_04" time="0.0">
    <ignored/>
  </testcase> <!-- TC_04 -->
  <testcase classname="Testcases.Login" name="TC_05" time="0.0">
    <ignored/>
  </testcase> <!-- TC_05 -->
  <testcase classname="Testcases.Login" name="TC_08" time="0.0">
    <ignored/>
  </testcase> <!-- TC_08 -->
  <testcase classname="Testcases.Login" name="Tc_11" time="0.0">
    <ignored/>
  </testcase> <!-- Tc_11 -->
  <testcase classname="Testcases.Login" name="TC_09" time="0.0">
    <ignored/>
  </testcase> <!-- TC_09 -->
  <testcase classname="Testcases.Login" name="TC_02" time="0.0">
    <ignored/>
  </testcase> <!-- TC_02 -->
</testsuite> <!-- Default test(failed) -->
